# JRE version: Java(TM) SE Runtime Environment (8.0_66-b17) (build 1.8.0_66-b17)
# Java VM: Java HotSpot(TM) 64-Bit Server VM (25.66-b17 mixed mode bsd-amd64 compressed oops)
Heap:
 PSYoungGen      total 182272K, used 25035K [0x000000076ab00000, 0x0000000777780000, 0x00000007c0000000)
  eden space 172032K, 8% used [0x000000076ab00000,0x000000076b99c400,0x0000000775300000)
  from space 10240K, 98% used [0x0000000776d80000,0x0000000777756bf8,0x0000000777780000)
  to   space 18432K, 0% used [0x0000000775380000,0x0000000775380000,0x0000000776580000)
 ParOldGen       total 191488K, used 25504K [0x00000006c0000000, 0x00000006cbb00000, 0x000000076ab00000)
  object space 191488K, 13% used [0x00000006c0000000,0x00000006c18e8198,0x00000006cbb00000)
 Metaspace       used 41495K, capacity 41990K, committed 42368K, reserved 1085440K
  class space    used 5360K, capacity 5484K, committed 5504K, reserved 1048576K
GC Heap History (10 events):
Event: 2.294 GC heap before
{Heap before GC invocations=6 (full 1):
 PSYoungGen      total 100864K, used 100800K [0x000000076ab00000, 0x0000000773a80000, 0x00000007c0000000)
  eden space 95744K, 100% used [0x000000076ab00000,0x0000000770880000,0x0000000770880000)
  from space 5120K, 98% used [0x0000000773580000,0x0000000773a703e0,0x0000000773a80000)
  to   space 10752K, 0% used [0x0000000772580000,0x0000000772580000,0x0000000773000000)
 ParOldGen       total 113664K, used 12317K [0x00000006c0000000, 0x00000006c6f00000, 0x000000076ab00000)
  object space 113664K, 10% used [0x00000006c0000000,0x00000006c0c07570,0x00000006c6f00000)
 Metaspace       used 27315K, capacity 27702K, committed 28032K, reserved 1073152K
  class space    used 3529K, capacity 3626K, committed 3712K, reserved 1048576K
Event: 2.303 GC heap after
Heap after GC invocations=6 (full 1):
 PSYoungGen      total 136192K, used 10725K [0x000000076ab00000, 0x0000000775200000, 0x00000007c0000000)
  eden space 125440K, 0% used [0x000000076ab00000,0x000000076ab00000,0x0000000772580000)
  from space 10752K, 99% used [0x0000000772580000,0x0000000772ff9748,0x0000000773000000)
  to   space 15872K, 0% used [0x0000000774280000,0x0000000774280000,0x0000000775200000)
 ParOldGen       total 113664K, used 14752K [0x00000006c0000000, 0x00000006c6f00000, 0x000000076ab00000)
  object space 113664K, 12% used [0x00000006c0000000,0x00000006c0e68348,0x00000006c6f00000)
 Metaspace       used 27315K, capacity 27702K, committed 28032K, reserved 1073152K
  class space    used 3529K, capacity 3626K, committed 3712K, reserved 1048576K
}
Event: 2.807 GC heap before
{Heap before GC invocations=7 (full 1):
 PSYoungGen      total 136192K, used 108495K [0x000000076ab00000, 0x0000000775200000, 0x00000007c0000000)
  eden space 125440K, 77% used [0x000000076ab00000,0x0000000770a7a568,0x0000000772580000)
  from space 10752K, 99% used [0x0000000772580000,0x0000000772ff9748,0x0000000773000000)
  to   space 15872K, 0% used [0x0000000774280000,0x0000000774280000,0x0000000775200000)
 ParOldGen       total 113664K, used 14752K [0x00000006c0000000, 0x00000006c6f00000, 0x000000076ab00000)
  object space 113664K, 12% used [0x00000006c0000000,0x00000006c0e68348,0x00000006c6f00000)
 Metaspace       used 34759K, capacity 35124K, committed 35416K, reserved 1081344K
  class space    used 4457K, capacity 4559K, committed 4608K, reserved 1048576K
Event: 2.817 GC heap after
Heap after GC invocations=7 (full 1):
 PSYoungGen      total 151040K, used 15849K [0x000000076ab00000, 0x0000000778580000, 0x00000007c0000000)
  eden space 135168K, 0% used [0x000000076ab00000,0x000000076ab00000,0x0000000772f00000)
  from space 15872K, 99% used [0x0000000774280000,0x00000007751fa508,0x0000000775200000)
  to   space 19968K, 0% used [0x0000000772f00000,0x0000000772f00000,0x0000000774280000)
 ParOldGen       total 113664K, used 17431K [0x00000006c0000000, 0x00000006c6f00000, 0x000000076ab00000)
  object space 113664K, 15% used [0x00000006c0000000,0x00000006c1105f20,0x00000006c6f00000)
 Metaspace       used 34759K, capacity 35124K, committed 35416K, reserved 1081344K
  class space    used 4457K, capacity 4559K, committed 4608K, reserved 1048576K
}
Event: 2.818 GC heap before
{Heap before GC invocations=8 (full 2):
 PSYoungGen      total 151040K, used 15849K [0x000000076ab00000, 0x0000000778580000, 0x00000007c0000000)
  eden space 135168K, 0% used [0x000000076ab00000,0x000000076ab00000,0x0000000772f00000)
  from space 15872K, 99% used [0x0000000774280000,0x00000007751fa508,0x0000000775200000)
  to   space 19968K, 0% used [0x0000000772f00000,0x0000000772f00000,0x0000000774280000)
 ParOldGen       total 113664K, used 17431K [0x00000006c0000000, 0x00000006c6f00000, 0x000000076ab00000)
  object space 113664K, 15% used [0x00000006c0000000,0x00000006c1105f20,0x00000006c6f00000)
 Metaspace       used 34759K, capacity 35124K, committed 35416K, reserved 1081344K
  class space    used 4457K, capacity 4559K, committed 4608K, reserved 1048576K
Event: 2.879 GC heap after
Heap after GC invocations=8 (full 2):
 PSYoungGen      total 151040K, used 0K [0x000000076ab00000, 0x0000000778580000, 0x00000007c0000000)
  eden space 135168K, 0% used [0x000000076ab00000,0x000000076ab00000,0x0000000772f00000)
  from space 15872K, 0% used [0x0000000774280000,0x0000000774280000,0x0000000775200000)
  to   space 19968K, 0% used [0x0000000772f00000,0x0000000772f00000,0x0000000774280000)
 ParOldGen       total 191488K, used 25488K [0x00000006c0000000, 0x00000006cbb00000, 0x000000076ab00000)
  object space 191488K, 13% used [0x00000006c0000000,0x00000006c18e4198,0x00000006cbb00000)
 Metaspace       used 34759K, capacity 35124K, committed 35416K, reserved 1081344K
  class space    used 4457K, capacity 4559K, committed 4608K, reserved 1048576K
}
Event: 3.704 GC heap before
{Heap before GC invocations=9 (full 2):
 PSYoungGen      total 151040K, used 135168K [0x000000076ab00000, 0x0000000778580000, 0x00000007c0000000)
  eden space 135168K, 100% used [0x000000076ab00000,0x0000000772f00000,0x0000000772f00000)
  from space 15872K, 0% used [0x0000000774280000,0x0000000774280000,0x0000000775200000)
  to   space 19968K, 0% used [0x0000000772f00000,0x0000000772f00000,0x0000000774280000)
 ParOldGen       total 191488K, used 25488K [0x00000006c0000000, 0x00000006cbb00000, 0x000000076ab00000)
  object space 191488K, 13% used [0x00000006c0000000,0x00000006c18e4198,0x00000006cbb00000)
 Metaspace       used 37669K, capacity 38132K, committed 38528K, reserved 1083392K
  class space    used 4859K, capacity 4991K, committed 4992K, reserved 1048576K
Event: 3.709 GC heap after
Heap after GC invocations=9 (full 2):
 PSYoungGen      total 155136K, used 8847K [0x000000076ab00000, 0x0000000778080000, 0x00000007c0000000)
  eden space 135168K, 0% used [0x000000076ab00000,0x000000076ab00000,0x0000000772f00000)
  from space 19968K, 44% used [0x0000000772f00000,0x00000007737a3f30,0x0000000774280000)
  to   space 19456K, 0% used [0x0000000776d80000,0x0000000776d80000,0x0000000778080000)
 ParOldGen       total 191488K, used 25496K [0x00000006c0000000, 0x00000006cbb00000, 0x000000076ab00000)
  object space 191488K, 13% used [0x00000006c0000000,0x00000006c18e6198,0x00000006cbb00000)
 Metaspace       used 37669K, capacity 38132K, committed 38528K, reserved 1083392K
  class space    used 4859K, capacity 4991K, committed 4992K, reserved 1048576K
}
Event: 13.221 GC heap before
{Heap before GC invocations=10 (full 2):
 PSYoungGen      total 155136K, used 144015K [0x000000076ab00000, 0x0000000778080000, 0x00000007c0000000)
  eden space 135168K, 100% used [0x000000076ab00000,0x0000000772f00000,0x0000000772f00000)
  from space 19968K, 44% used [0x0000000772f00000,0x00000007737a3f30,0x0000000774280000)
  to   space 19456K, 0% used [0x0000000776d80000,0x0000000776d80000,0x0000000778080000)
 ParOldGen       total 191488K, used 25496K [0x00000006c0000000, 0x00000006cbb00000, 0x000000076ab00000)
  object space 191488K, 13% used [0x00000006c0000000,0x00000006c18e6198,0x00000006cbb00000)
 Metaspace       used 40897K, capacity 41450K, committed 41856K, reserved 1085440K
  class space    used 5266K, capacity 5408K, committed 5504K, reserved 1048576K
Event: 13.229 GC heap after
Heap after GC invocations=10 (full 2):
 PSYoungGen      total 182272K, used 10074K [0x000000076ab00000, 0x0000000777780000, 0x00000007c0000000)
  eden space 172032K, 0% used [0x000000076ab00000,0x000000076ab00000,0x0000000775300000)
  from space 10240K, 98% used [0x0000000776d80000,0x0000000777756bf8,0x0000000777780000)
  to   space 18432K, 0% used [0x0000000775380000,0x0000000775380000,0x0000000776580000)
 ParOldGen       total 191488K, used 25504K [0x00000006c0000000, 0x00000006cbb00000, 0x000000076ab00000)
  object space 191488K, 13% used [0x00000006c0000000,0x00000006c18e8198,0x00000006cbb00000)
 Metaspace       used 40897K, capacity 41450K, committed 41856K, reserved 1085440K
  class space    used 5266K, capacity 5408K, committed 5504K, reserved 1048576K
}

