# JRE version: Java(TM) SE Runtime Environment (8.0_66-b17) (build 1.8.0_66-b17)
# Java VM: Java HotSpot(TM) 64-Bit Server VM (25.66-b17 mixed mode bsd-amd64 compressed oops)
Heap:
 PSYoungGen      total 245760K, used 77109K [0x000000076ab00000, 0x0000000780580000, 0x00000007c0000000)
  eden space 225792K, 27% used [0x000000076ab00000,0x000000076e8bab80,0x0000000778780000)
  from space 19968K, 69% used [0x0000000778780000,0x00000007795129a0,0x0000000779b00000)
  to   space 19968K, 0% used [0x000000077f200000,0x000000077f200000,0x0000000780580000)
 ParOldGen       total 143360K, used 25270K [0x00000006c0000000, 0x00000006c8c00000, 0x000000076ab00000)
  object space 143360K, 17% used [0x00000006c0000000,0x00000006c18adb28,0x00000006c8c00000)
 Metaspace       used 41681K, capacity 42198K, committed 42496K, reserved 1085440K
  class space    used 5363K, capacity 5510K, committed 5632K, reserved 1048576K
GC Heap History (10 events):
Event: 13.705 GC heap before
{Heap before GC invocations=5 (full 1):
 PSYoungGen      total 76288K, used 65536K [0x000000076ab00000, 0x0000000774000000, 0x00000007c0000000)
  eden space 65536K, 100% used [0x000000076ab00000,0x000000076eb00000,0x000000076eb00000)
  from space 10752K, 0% used [0x000000076eb00000,0x000000076eb00000,0x000000076f580000)
  to   space 10752K, 0% used [0x0000000773580000,0x0000000773580000,0x0000000774000000)
 ParOldGen       total 88064K, used 12399K [0x00000006c0000000, 0x00000006c5600000, 0x000000076ab00000)
  object space 88064K, 14% used [0x00000006c0000000,0x00000006c0c1bf80,0x00000006c5600000)
 Metaspace       used 23612K, capacity 23928K, committed 24192K, reserved 1071104K
  class space    used 3044K, capacity 3141K, committed 3200K, reserved 1048576K
Event: 13.709 GC heap after
Heap after GC invocations=5 (full 1):
 PSYoungGen      total 128000K, used 4948K [0x000000076ab00000, 0x0000000773a80000, 0x00000007c0000000)
  eden space 122880K, 0% used [0x000000076ab00000,0x000000076ab00000,0x0000000772300000)
  from space 5120K, 96% used [0x0000000773580000,0x0000000773a55320,0x0000000773a80000)
  to   space 10752K, 0% used [0x0000000772580000,0x0000000772580000,0x0000000773000000)
 ParOldGen       total 88064K, used 12407K [0x00000006c0000000, 0x00000006c5600000, 0x000000076ab00000)
  object space 88064K, 14% used [0x00000006c0000000,0x00000006c0c1df80,0x00000006c5600000)
 Metaspace       used 23612K, capacity 23928K, committed 24192K, reserved 1071104K
  class space    used 3044K, capacity 3141K, committed 3200K, reserved 1048576K
}
Event: 14.351 GC heap before
{Heap before GC invocations=6 (full 1):
 PSYoungGen      total 128000K, used 127828K [0x000000076ab00000, 0x0000000773a80000, 0x00000007c0000000)
  eden space 122880K, 100% used [0x000000076ab00000,0x0000000772300000,0x0000000772300000)
  from space 5120K, 96% used [0x0000000773580000,0x0000000773a55320,0x0000000773a80000)
  to   space 10752K, 0% used [0x0000000772580000,0x0000000772580000,0x0000000773000000)
 ParOldGen       total 88064K, used 12407K [0x00000006c0000000, 0x00000006c5600000, 0x000000076ab00000)
  object space 88064K, 14% used [0x00000006c0000000,0x00000006c0c1df80,0x00000006c5600000)
 Metaspace       used 27566K, capacity 27926K, committed 28288K, reserved 1073152K
  class space    used 3555K, capacity 3658K, committed 3712K, reserved 1048576K
Event: 14.360 GC heap after
Heap after GC invocations=6 (full 1):
 PSYoungGen      total 136192K, used 10745K [0x000000076ab00000, 0x000000077ab00000, 0x00000007c0000000)
  eden space 125440K, 0% used [0x000000076ab00000,0x000000076ab00000,0x0000000772580000)
  from space 10752K, 99% used [0x0000000772580000,0x0000000772ffe6c0,0x0000000773000000)
  to   space 16384K, 0% used [0x0000000779b00000,0x0000000779b00000,0x000000077ab00000)
 ParOldGen       total 88064K, used 15503K [0x00000006c0000000, 0x00000006c5600000, 0x000000076ab00000)
  object space 88064K, 17% used [0x00000006c0000000,0x00000006c0f23de0,0x00000006c5600000)
 Metaspace       used 27566K, capacity 27926K, committed 28288K, reserved 1073152K
  class space    used 3555K, capacity 3658K, committed 3712K, reserved 1048576K
}
Event: 14.785 GC heap before
{Heap before GC invocations=7 (full 1):
 PSYoungGen      total 136192K, used 83306K [0x000000076ab00000, 0x000000077ab00000, 0x00000007c0000000)
  eden space 125440K, 57% used [0x000000076ab00000,0x000000076f1dc4a0,0x0000000772580000)
  from space 10752K, 99% used [0x0000000772580000,0x0000000772ffe6c0,0x0000000773000000)
  to   space 16384K, 0% used [0x0000000779b00000,0x0000000779b00000,0x000000077ab00000)
 ParOldGen       total 88064K, used 15503K [0x00000006c0000000, 0x00000006c5600000, 0x000000076ab00000)
  object space 88064K, 17% used [0x00000006c0000000,0x00000006c0f23de0,0x00000006c5600000)
 Metaspace       used 34773K, capacity 35124K, committed 35416K, reserved 1081344K
  class space    used 4456K, capacity 4559K, committed 4608K, reserved 1048576K
Event: 14.797 GC heap after
Heap after GC invocations=7 (full 1):
 PSYoungGen      total 242176K, used 16355K [0x000000076ab00000, 0x000000077b980000, 0x00000007c0000000)
  eden space 225792K, 0% used [0x000000076ab00000,0x000000076ab00000,0x0000000778780000)
  from space 16384K, 99% used [0x0000000779b00000,0x000000077aaf8f38,0x000000077ab00000)
  to   space 19968K, 0% used [0x0000000778780000,0x0000000778780000,0x0000000779b00000)
 ParOldGen       total 88064K, used 17042K [0x00000006c0000000, 0x00000006c5600000, 0x000000076ab00000)
  object space 88064K, 19% used [0x00000006c0000000,0x00000006c10a4830,0x00000006c5600000)
 Metaspace       used 34773K, capacity 35124K, committed 35416K, reserved 1081344K
  class space    used 4456K, capacity 4559K, committed 4608K, reserved 1048576K
}
Event: 14.797 GC heap before
{Heap before GC invocations=8 (full 2):
 PSYoungGen      total 242176K, used 16355K [0x000000076ab00000, 0x000000077b980000, 0x00000007c0000000)
  eden space 225792K, 0% used [0x000000076ab00000,0x000000076ab00000,0x0000000778780000)
  from space 16384K, 99% used [0x0000000779b00000,0x000000077aaf8f38,0x000000077ab00000)
  to   space 19968K, 0% used [0x0000000778780000,0x0000000778780000,0x0000000779b00000)
 ParOldGen       total 88064K, used 17042K [0x00000006c0000000, 0x00000006c5600000, 0x000000076ab00000)
  object space 88064K, 19% used [0x00000006c0000000,0x00000006c10a4830,0x00000006c5600000)
 Metaspace       used 34773K, capacity 35124K, committed 35416K, reserved 1081344K
  class space    used 4456K, capacity 4559K, committed 4608K, reserved 1048576K
Event: 14.866 GC heap after
Heap after GC invocations=8 (full 2):
 PSYoungGen      total 242176K, used 0K [0x000000076ab00000, 0x000000077b980000, 0x00000007c0000000)
  eden space 225792K, 0% used [0x000000076ab00000,0x000000076ab00000,0x0000000778780000)
  from space 16384K, 0% used [0x0000000779b00000,0x0000000779b00000,0x000000077ab00000)
  to   space 19968K, 0% used [0x0000000778780000,0x0000000778780000,0x0000000779b00000)
 ParOldGen       total 143360K, used 25262K [0x00000006c0000000, 0x00000006c8c00000, 0x000000076ab00000)
  object space 143360K, 17% used [0x00000006c0000000,0x00000006c18abb28,0x00000006c8c00000)
 Metaspace       used 34773K, capacity 35124K, committed 35416K, reserved 1081344K
  class space    used 4456K, capacity 4559K, committed 4608K, reserved 1048576K
}
Event: 16.286 GC heap before
{Heap before GC invocations=9 (full 2):
 PSYoungGen      total 242176K, used 225792K [0x000000076ab00000, 0x000000077b980000, 0x00000007c0000000)
  eden space 225792K, 100% used [0x000000076ab00000,0x0000000778780000,0x0000000778780000)
  from space 16384K, 0% used [0x0000000779b00000,0x0000000779b00000,0x000000077ab00000)
  to   space 19968K, 0% used [0x0000000778780000,0x0000000778780000,0x0000000779b00000)
 ParOldGen       total 143360K, used 25262K [0x00000006c0000000, 0x00000006c8c00000, 0x000000076ab00000)
  object space 143360K, 17% used [0x00000006c0000000,0x00000006c18abb28,0x00000006c8c00000)
 Metaspace       used 38663K, capacity 39126K, committed 39424K, reserved 1083392K
  class space    used 4996K, capacity 5110K, committed 5120K, reserved 1048576K
Event: 16.296 GC heap after
Heap after GC invocations=9 (full 2):
 PSYoungGen      total 245760K, used 13898K [0x000000076ab00000, 0x0000000780580000, 0x00000007c0000000)
  eden space 225792K, 0% used [0x000000076ab00000,0x000000076ab00000,0x0000000778780000)
  from space 19968K, 69% used [0x0000000778780000,0x00000007795129a0,0x0000000779b00000)
  to   space 19968K, 0% used [0x000000077f200000,0x000000077f200000,0x0000000780580000)
 ParOldGen       total 143360K, used 25270K [0x00000006c0000000, 0x00000006c8c00000, 0x000000076ab00000)
  object space 143360K, 17% used [0x00000006c0000000,0x00000006c18adb28,0x00000006c8c00000)
 Metaspace       used 38663K, capacity 39126K, committed 39424K, reserved 1083392K
  class space    used 4996K, capacity 5110K, committed 5120K, reserved 1048576K
}

