# JRE version: Java(TM) SE Runtime Environment (8.0_66-b17) (build 1.8.0_66-b17)
# Java VM: Java HotSpot(TM) 64-Bit Server VM (25.66-b17 mixed mode bsd-amd64 compressed oops)
Heap:
 PSYoungGen      total 183808K, used 26016K [0x000000076ab00000, 0x0000000777900000, 0x00000007c0000000)
  eden space 173568K, 9% used [0x000000076ab00000,0x000000076babe170,0x0000000775480000)
  from space 10240K, 96% used [0x0000000776f00000,0x00000007778a9f40,0x0000000777900000)
  to   space 18432K, 0% used [0x0000000775500000,0x0000000775500000,0x0000000776700000)
 ParOldGen       total 189440K, used 25532K [0x00000006c0000000, 0x00000006cb900000, 0x000000076ab00000)
  object space 189440K, 13% used [0x00000006c0000000,0x00000006c18ef050,0x00000006cb900000)
 Metaspace       used 41756K, capacity 42258K, committed 42752K, reserved 1087488K
  class space    used 5374K, capacity 5508K, committed 5632K, reserved 1048576K
GC Heap History (10 events):
Event: 2.385 GC heap before
{Heap before GC invocations=6 (full 1):
 PSYoungGen      total 100864K, used 100781K [0x000000076ab00000, 0x0000000773a80000, 0x00000007c0000000)
  eden space 95744K, 100% used [0x000000076ab00000,0x0000000770880000,0x0000000770880000)
  from space 5120K, 98% used [0x0000000773580000,0x0000000773a6b780,0x0000000773a80000)
  to   space 10752K, 0% used [0x0000000772580000,0x0000000772580000,0x0000000773000000)
 ParOldGen       total 113664K, used 12365K [0x00000006c0000000, 0x00000006c6f00000, 0x000000076ab00000)
  object space 113664K, 10% used [0x00000006c0000000,0x00000006c0c137e8,0x00000006c6f00000)
 Metaspace       used 27319K, capacity 27702K, committed 28032K, reserved 1073152K
  class space    used 3527K, capacity 3626K, committed 3712K, reserved 1048576K
Event: 2.394 GC heap after
Heap after GC invocations=6 (full 1):
 PSYoungGen      total 136192K, used 10743K [0x000000076ab00000, 0x0000000775200000, 0x00000007c0000000)
  eden space 125440K, 0% used [0x000000076ab00000,0x000000076ab00000,0x0000000772580000)
  from space 10752K, 99% used [0x0000000772580000,0x0000000772ffdda0,0x0000000773000000)
  to   space 15872K, 0% used [0x0000000774280000,0x0000000774280000,0x0000000775200000)
 ParOldGen       total 113664K, used 14772K [0x00000006c0000000, 0x00000006c6f00000, 0x000000076ab00000)
  object space 113664K, 12% used [0x00000006c0000000,0x00000006c0e6d3b8,0x00000006c6f00000)
 Metaspace       used 27319K, capacity 27702K, committed 28032K, reserved 1073152K
  class space    used 3527K, capacity 3626K, committed 3712K, reserved 1048576K
}
Event: 2.889 GC heap before
{Heap before GC invocations=7 (full 1):
 PSYoungGen      total 136192K, used 110276K [0x000000076ab00000, 0x0000000775200000, 0x00000007c0000000)
  eden space 125440K, 79% used [0x000000076ab00000,0x0000000770c333c0,0x0000000772580000)
  from space 10752K, 99% used [0x0000000772580000,0x0000000772ffdda0,0x0000000773000000)
  to   space 15872K, 0% used [0x0000000774280000,0x0000000774280000,0x0000000775200000)
 ParOldGen       total 113664K, used 14772K [0x00000006c0000000, 0x00000006c6f00000, 0x000000076ab00000)
  object space 113664K, 12% used [0x00000006c0000000,0x00000006c0e6d3b8,0x00000006c6f00000)
 Metaspace       used 34751K, capacity 35124K, committed 35416K, reserved 1081344K
  class space    used 4458K, capacity 4559K, committed 4608K, reserved 1048576K
Event: 2.901 GC heap after
Heap after GC invocations=7 (full 1):
 PSYoungGen      total 151040K, used 15868K [0x000000076ab00000, 0x0000000778600000, 0x00000007c0000000)
  eden space 135168K, 0% used [0x000000076ab00000,0x000000076ab00000,0x0000000772f00000)
  from space 15872K, 99% used [0x0000000774280000,0x00000007751ff2b0,0x0000000775200000)
  to   space 19968K, 0% used [0x0000000772f00000,0x0000000772f00000,0x0000000774280000)
 ParOldGen       total 113664K, used 17422K [0x00000006c0000000, 0x00000006c6f00000, 0x000000076ab00000)
  object space 113664K, 15% used [0x00000006c0000000,0x00000006c1103a48,0x00000006c6f00000)
 Metaspace       used 34751K, capacity 35124K, committed 35416K, reserved 1081344K
  class space    used 4458K, capacity 4559K, committed 4608K, reserved 1048576K
}
Event: 2.901 GC heap before
{Heap before GC invocations=8 (full 2):
 PSYoungGen      total 151040K, used 15868K [0x000000076ab00000, 0x0000000778600000, 0x00000007c0000000)
  eden space 135168K, 0% used [0x000000076ab00000,0x000000076ab00000,0x0000000772f00000)
  from space 15872K, 99% used [0x0000000774280000,0x00000007751ff2b0,0x0000000775200000)
  to   space 19968K, 0% used [0x0000000772f00000,0x0000000772f00000,0x0000000774280000)
 ParOldGen       total 113664K, used 17422K [0x00000006c0000000, 0x00000006c6f00000, 0x000000076ab00000)
  object space 113664K, 15% used [0x00000006c0000000,0x00000006c1103a48,0x00000006c6f00000)
 Metaspace       used 34751K, capacity 35124K, committed 35416K, reserved 1081344K
  class space    used 4458K, capacity 4559K, committed 4608K, reserved 1048576K
Event: 2.960 GC heap after
Heap after GC invocations=8 (full 2):
 PSYoungGen      total 151040K, used 0K [0x000000076ab00000, 0x0000000778600000, 0x00000007c0000000)
  eden space 135168K, 0% used [0x000000076ab00000,0x000000076ab00000,0x0000000772f00000)
  from space 15872K, 0% used [0x0000000774280000,0x0000000774280000,0x0000000775200000)
  to   space 19968K, 0% used [0x0000000772f00000,0x0000000772f00000,0x0000000774280000)
 ParOldGen       total 189440K, used 25516K [0x00000006c0000000, 0x00000006cb900000, 0x000000076ab00000)
  object space 189440K, 13% used [0x00000006c0000000,0x00000006c18eb050,0x00000006cb900000)
 Metaspace       used 34751K, capacity 35124K, committed 35416K, reserved 1081344K
  class space    used 4458K, capacity 4559K, committed 4608K, reserved 1048576K
}
Event: 3.777 GC heap before
{Heap before GC invocations=9 (full 2):
 PSYoungGen      total 151040K, used 135168K [0x000000076ab00000, 0x0000000778600000, 0x00000007c0000000)
  eden space 135168K, 100% used [0x000000076ab00000,0x0000000772f00000,0x0000000772f00000)
  from space 15872K, 0% used [0x0000000774280000,0x0000000774280000,0x0000000775200000)
  to   space 19968K, 0% used [0x0000000772f00000,0x0000000772f00000,0x0000000774280000)
 ParOldGen       total 189440K, used 25516K [0x00000006c0000000, 0x00000006cb900000, 0x000000076ab00000)
  object space 189440K, 13% used [0x00000006c0000000,0x00000006c18eb050,0x00000006cb900000)
 Metaspace       used 37677K, capacity 38122K, committed 38656K, reserved 1083392K
  class space    used 4862K, capacity 5000K, committed 5120K, reserved 1048576K
Event: 3.783 GC heap after
Heap after GC invocations=9 (full 2):
 PSYoungGen      total 155136K, used 8993K [0x000000076ab00000, 0x0000000778200000, 0x00000007c0000000)
  eden space 135168K, 0% used [0x000000076ab00000,0x000000076ab00000,0x0000000772f00000)
  from space 19968K, 45% used [0x0000000772f00000,0x00000007737c8748,0x0000000774280000)
  to   space 19456K, 0% used [0x0000000776f00000,0x0000000776f00000,0x0000000778200000)
 ParOldGen       total 189440K, used 25524K [0x00000006c0000000, 0x00000006cb900000, 0x000000076ab00000)
  object space 189440K, 13% used [0x00000006c0000000,0x00000006c18ed050,0x00000006cb900000)
 Metaspace       used 37677K, capacity 38122K, committed 38656K, reserved 1083392K
  class space    used 4862K, capacity 5000K, committed 5120K, reserved 1048576K
}
Event: 18.804 GC heap before
{Heap before GC invocations=10 (full 2):
 PSYoungGen      total 155136K, used 144161K [0x000000076ab00000, 0x0000000778200000, 0x00000007c0000000)
  eden space 135168K, 100% used [0x000000076ab00000,0x0000000772f00000,0x0000000772f00000)
  from space 19968K, 45% used [0x0000000772f00000,0x00000007737c8748,0x0000000774280000)
  to   space 19456K, 0% used [0x0000000776f00000,0x0000000776f00000,0x0000000778200000)
 ParOldGen       total 189440K, used 25524K [0x00000006c0000000, 0x00000006cb900000, 0x000000076ab00000)
  object space 189440K, 13% used [0x00000006c0000000,0x00000006c18ed050,0x00000006cb900000)
 Metaspace       used 40918K, capacity 41450K, committed 41856K, reserved 1085440K
  class space    used 5269K, capacity 5408K, committed 5504K, reserved 1048576K
Event: 18.813 GC heap after
Heap after GC invocations=10 (full 2):
 PSYoungGen      total 183808K, used 9895K [0x000000076ab00000, 0x0000000777900000, 0x00000007c0000000)
  eden space 173568K, 0% used [0x000000076ab00000,0x000000076ab00000,0x0000000775480000)
  from space 10240K, 96% used [0x0000000776f00000,0x00000007778a9f40,0x0000000777900000)
  to   space 18432K, 0% used [0x0000000775500000,0x0000000775500000,0x0000000776700000)
 ParOldGen       total 189440K, used 25532K [0x00000006c0000000, 0x00000006cb900000, 0x000000076ab00000)
  object space 189440K, 13% used [0x00000006c0000000,0x00000006c18ef050,0x00000006cb900000)
 Metaspace       used 40918K, capacity 41450K, committed 41856K, reserved 1085440K
  class space    used 5269K, capacity 5408K, committed 5504K, reserved 1048576K
}

