# JRE version: Java(TM) SE Runtime Environment (8.0_66-b17) (build 1.8.0_66-b17)
# Java VM: Java HotSpot(TM) 64-Bit Server VM (25.66-b17 mixed mode bsd-amd64 compressed oops)
Heap:
 PSYoungGen      total 175104K, used 64855K [0x000000076ab00000, 0x0000000777000000, 0x00000007c0000000)
  eden space 164864K, 33% used [0x000000076ab00000,0x000000076e176370,0x0000000774c00000)
  from space 10240K, 88% used [0x0000000776600000,0x0000000776edfae8,0x0000000777000000)
  to   space 18432K, 0% used [0x0000000774c00000,0x0000000774c00000,0x0000000775e00000)
 ParOldGen       total 196608K, used 25662K [0x00000006c0000000, 0x00000006cc000000, 0x000000076ab00000)
  object space 196608K, 13% used [0x00000006c0000000,0x00000006c190f948,0x00000006cc000000)
 Metaspace       used 42317K, capacity 42822K, committed 43264K, reserved 1087488K
  class space    used 5432K, capacity 5548K, committed 5632K, reserved 1048576K
GC Heap History (10 events):
Event: 2.356 GC heap before
{Heap before GC invocations=6 (full 1):
 PSYoungGen      total 99328K, used 99233K [0x000000076ab00000, 0x0000000773a80000, 0x00000007c0000000)
  eden space 94208K, 100% used [0x000000076ab00000,0x0000000770700000,0x0000000770700000)
  from space 5120K, 98% used [0x0000000773580000,0x0000000773a68790,0x0000000773a80000)
  to   space 10752K, 0% used [0x0000000772580000,0x0000000772580000,0x0000000773000000)
 ParOldGen       total 115712K, used 12415K [0x00000006c0000000, 0x00000006c7100000, 0x000000076ab00000)
  object space 115712K, 10% used [0x00000006c0000000,0x00000006c0c1fd20,0x00000006c7100000)
 Metaspace       used 27205K, capacity 27574K, committed 27776K, reserved 1073152K
  class space    used 3507K, capacity 3626K, committed 3712K, reserved 1048576K
Event: 2.364 GC heap after
Heap after GC invocations=6 (full 1):
 PSYoungGen      total 136192K, used 10749K [0x000000076ab00000, 0x0000000774d80000, 0x00000007c0000000)
  eden space 125440K, 0% used [0x000000076ab00000,0x000000076ab00000,0x0000000772580000)
  from space 10752K, 99% used [0x0000000772580000,0x0000000772fff430,0x0000000773000000)
  to   space 15872K, 0% used [0x0000000773e00000,0x0000000773e00000,0x0000000774d80000)
 ParOldGen       total 115712K, used 14484K [0x00000006c0000000, 0x00000006c7100000, 0x000000076ab00000)
  object space 115712K, 12% used [0x00000006c0000000,0x00000006c0e253c0,0x00000006c7100000)
 Metaspace       used 27205K, capacity 27574K, committed 27776K, reserved 1073152K
  class space    used 3507K, capacity 3626K, committed 3712K, reserved 1048576K
}
Event: 2.918 GC heap before
{Heap before GC invocations=7 (full 1):
 PSYoungGen      total 136192K, used 110929K [0x000000076ab00000, 0x0000000774d80000, 0x00000007c0000000)
  eden space 125440K, 79% used [0x000000076ab00000,0x0000000770cd5370,0x0000000772580000)
  from space 10752K, 99% used [0x0000000772580000,0x0000000772fff430,0x0000000773000000)
  to   space 15872K, 0% used [0x0000000773e00000,0x0000000773e00000,0x0000000774d80000)
 ParOldGen       total 115712K, used 14484K [0x00000006c0000000, 0x00000006c7100000, 0x000000076ab00000)
  object space 115712K, 12% used [0x00000006c0000000,0x00000006c0e253c0,0x00000006c7100000)
 Metaspace       used 34762K, capacity 35124K, committed 35416K, reserved 1081344K
  class space    used 4457K, capacity 4559K, committed 4608K, reserved 1048576K
Event: 2.929 GC heap after
Heap after GC invocations=7 (full 1):
 PSYoungGen      total 146944K, used 15870K [0x000000076ab00000, 0x0000000778200000, 0x00000007c0000000)
  eden space 131072K, 0% used [0x000000076ab00000,0x000000076ab00000,0x0000000772b00000)
  from space 15872K, 99% used [0x0000000773e00000,0x0000000774d7fa70,0x0000000774d80000)
  to   space 19456K, 0% used [0x0000000772b00000,0x0000000772b00000,0x0000000773e00000)
 ParOldGen       total 115712K, used 17121K [0x00000006c0000000, 0x00000006c7100000, 0x000000076ab00000)
  object space 115712K, 14% used [0x00000006c0000000,0x00000006c10b87e8,0x00000006c7100000)
 Metaspace       used 34762K, capacity 35124K, committed 35416K, reserved 1081344K
  class space    used 4457K, capacity 4559K, committed 4608K, reserved 1048576K
}
Event: 2.929 GC heap before
{Heap before GC invocations=8 (full 2):
 PSYoungGen      total 146944K, used 15870K [0x000000076ab00000, 0x0000000778200000, 0x00000007c0000000)
  eden space 131072K, 0% used [0x000000076ab00000,0x000000076ab00000,0x0000000772b00000)
  from space 15872K, 99% used [0x0000000773e00000,0x0000000774d7fa70,0x0000000774d80000)
  to   space 19456K, 0% used [0x0000000772b00000,0x0000000772b00000,0x0000000773e00000)
 ParOldGen       total 115712K, used 17121K [0x00000006c0000000, 0x00000006c7100000, 0x000000076ab00000)
  object space 115712K, 14% used [0x00000006c0000000,0x00000006c10b87e8,0x00000006c7100000)
 Metaspace       used 34762K, capacity 35124K, committed 35416K, reserved 1081344K
  class space    used 4457K, capacity 4559K, committed 4608K, reserved 1048576K
Event: 3.000 GC heap after
Heap after GC invocations=8 (full 2):
 PSYoungGen      total 146944K, used 0K [0x000000076ab00000, 0x0000000778200000, 0x00000007c0000000)
  eden space 131072K, 0% used [0x000000076ab00000,0x000000076ab00000,0x0000000772b00000)
  from space 15872K, 0% used [0x0000000773e00000,0x0000000773e00000,0x0000000774d80000)
  to   space 19456K, 0% used [0x0000000772b00000,0x0000000772b00000,0x0000000773e00000)
 ParOldGen       total 196608K, used 25646K [0x00000006c0000000, 0x00000006cc000000, 0x000000076ab00000)
  object space 196608K, 13% used [0x00000006c0000000,0x00000006c190b948,0x00000006cc000000)
 Metaspace       used 34762K, capacity 35124K, committed 35416K, reserved 1081344K
  class space    used 4457K, capacity 4559K, committed 4608K, reserved 1048576K
}
Event: 3.860 GC heap before
{Heap before GC invocations=9 (full 2):
 PSYoungGen      total 146944K, used 131072K [0x000000076ab00000, 0x0000000778200000, 0x00000007c0000000)
  eden space 131072K, 100% used [0x000000076ab00000,0x0000000772b00000,0x0000000772b00000)
  from space 15872K, 0% used [0x0000000773e00000,0x0000000773e00000,0x0000000774d80000)
  to   space 19456K, 0% used [0x0000000772b00000,0x0000000772b00000,0x0000000773e00000)
 ParOldGen       total 196608K, used 25646K [0x00000006c0000000, 0x00000006cc000000, 0x000000076ab00000)
  object space 196608K, 13% used [0x00000006c0000000,0x00000006c190b948,0x00000006cc000000)
 Metaspace       used 37679K, capacity 38116K, committed 38656K, reserved 1083392K
  class space    used 4861K, capacity 4999K, committed 5120K, reserved 1048576K
Event: 3.869 GC heap after
Heap after GC invocations=9 (full 2):
 PSYoungGen      total 150528K, used 8699K [0x000000076ab00000, 0x0000000777880000, 0x00000007c0000000)
  eden space 131072K, 0% used [0x000000076ab00000,0x000000076ab00000,0x0000000772b00000)
  from space 19456K, 44% used [0x0000000772b00000,0x000000077337ec38,0x0000000773e00000)
  to   space 18944K, 0% used [0x0000000776600000,0x0000000776600000,0x0000000777880000)
 ParOldGen       total 196608K, used 25654K [0x00000006c0000000, 0x00000006cc000000, 0x000000076ab00000)
  object space 196608K, 13% used [0x00000006c0000000,0x00000006c190d948,0x00000006cc000000)
 Metaspace       used 37679K, capacity 38116K, committed 38656K, reserved 1083392K
  class space    used 4861K, capacity 4999K, committed 5120K, reserved 1048576K
}
Event: 78.882 GC heap before
{Heap before GC invocations=10 (full 2):
 PSYoungGen      total 150528K, used 139771K [0x000000076ab00000, 0x0000000777880000, 0x00000007c0000000)
  eden space 131072K, 100% used [0x000000076ab00000,0x0000000772b00000,0x0000000772b00000)
  from space 19456K, 44% used [0x0000000772b00000,0x000000077337ec38,0x0000000773e00000)
  to   space 18944K, 0% used [0x0000000776600000,0x0000000776600000,0x0000000777880000)
 ParOldGen       total 196608K, used 25654K [0x00000006c0000000, 0x00000006cc000000, 0x000000076ab00000)
  object space 196608K, 13% used [0x00000006c0000000,0x00000006c190d948,0x00000006cc000000)
 Metaspace       used 40054K, capacity 40586K, committed 40960K, reserved 1085440K
  class space    used 5172K, capacity 5312K, committed 5376K, reserved 1048576K
Event: 78.893 GC heap after
Heap after GC invocations=10 (full 2):
 PSYoungGen      total 175104K, used 9086K [0x000000076ab00000, 0x0000000777000000, 0x00000007c0000000)
  eden space 164864K, 0% used [0x000000076ab00000,0x000000076ab00000,0x0000000774c00000)
  from space 10240K, 88% used [0x0000000776600000,0x0000000776edfae8,0x0000000777000000)
  to   space 18432K, 0% used [0x0000000774c00000,0x0000000774c00000,0x0000000775e00000)
 ParOldGen       total 196608K, used 25662K [0x00000006c0000000, 0x00000006cc000000, 0x000000076ab00000)
  object space 196608K, 13% used [0x00000006c0000000,0x00000006c190f948,0x00000006cc000000)
 Metaspace       used 40054K, capacity 40586K, committed 40960K, reserved 1085440K
  class space    used 5172K, capacity 5312K, committed 5376K, reserved 1048576K
}

